<?xml version="1.0" encoding="UTF-8"?>
<testsuite xmlns:xsi="http://www.w3.org/2001/XMLSchema-instance" xsi:noNamespaceSchemaLocation="https://maven.apache.org/surefire/maven-surefire-plugin/xsd/surefire-test-report-3.0.xsd" version="3.0" name="cucumberOptions.TestNGRunner" time="0.76" tests="3" errors="0" skipped="0" failures="0">
  <properties>
    <property name="java.specification.version" value="17"/>
    <property name="sun.cpu.isalist" value="amd64"/>
    <property name="sun.jnu.encoding" value="Cp1252"/>
    <property name="java.class.path" value="C:\Users\cprakash\eclipse-workspace\CucumberTraining\target\test-classes;C:\Users\cprakash\eclipse-workspace\CucumberTraining\target\classes;C:\Users\cprakash\.m2\repository\io\cucumber\cucumber-java\7.16.1\cucumber-java-7.16.1.jar;C:\Users\cprakash\.m2\repository\io\cucumber\cucumber-core\7.16.1\cucumber-core-7.16.1.jar;C:\Users\cprakash\.m2\repository\io\cucumber\cucumber-gherkin\7.16.1\cucumber-gherkin-7.16.1.jar;C:\Users\cprakash\.m2\repository\io\cucumber\cucumber-gherkin-messages\7.16.1\cucumber-gherkin-messages-7.16.1.jar;C:\Users\cprakash\.m2\repository\io\cucumber\gherkin\28.0.0\gherkin-28.0.0.jar;C:\Users\cprakash\.m2\repository\io\cucumber\messages\24.1.0\messages-24.1.0.jar;C:\Users\cprakash\.m2\repository\io\cucumber\tag-expressions\6.1.0\tag-expressions-6.1.0.jar;C:\Users\cprakash\.m2\repository\io\cucumber\cucumber-expressions\17.1.0\cucumber-expressions-17.1.0.jar;C:\Users\cprakash\.m2\repository\io\cucumber\datatable\7.16.1\datatable-7.16.1.jar;C:\Users\cprakash\.m2\repository\io\cucumber\cucumber-plugin\7.16.1\cucumber-plugin-7.16.1.jar;C:\Users\cprakash\.m2\repository\io\cucumber\docstring\7.16.1\docstring-7.16.1.jar;C:\Users\cprakash\.m2\repository\io\cucumber\html-formatter\21.3.0\html-formatter-21.3.0.jar;C:\Users\cprakash\.m2\repository\io\cucumber\junit-xml-formatter\0.3.0\junit-xml-formatter-0.3.0.jar;C:\Users\cprakash\.m2\repository\io\cucumber\ci-environment\10.0.1\ci-environment-10.0.1.jar;C:\Users\cprakash\.m2\repository\org\apiguardian\apiguardian-api\1.1.2\apiguardian-api-1.1.2.jar;C:\Users\cprakash\.m2\repository\io\cucumber\cucumber-testng\7.16.1\cucumber-testng-7.16.1.jar;C:\Users\cprakash\.m2\repository\org\testng\testng\7.9.0\testng-7.9.0.jar;C:\Users\cprakash\.m2\repository\org\slf4j\slf4j-api\1.7.36\slf4j-api-1.7.36.jar;C:\Users\cprakash\.m2\repository\com\beust\jcommander\1.82\jcommander-1.82.jar;C:\Users\cprakash\.m2\repository\org\webjars\jquery\3.7.1\jquery-3.7.1.jar;"/>
    <property name="java.vm.vendor" value="Eclipse Adoptium"/>
    <property name="sun.arch.data.model" value="64"/>
    <property name="user.variant" value=""/>
    <property name="java.vendor.url" value="https://adoptium.net/"/>
    <property name="user.timezone" value="Asia/Calcutta"/>
    <property name="os.name" value="Windows 11"/>
    <property name="java.vm.specification.version" value="17"/>
    <property name="sun.java.launcher" value="SUN_STANDARD"/>
    <property name="user.country" value="US"/>
    <property name="sun.boot.library.path" value="C:\Program Files\Eclipse Adoptium\jdk-17.0.5.8-hotspot\bin"/>
    <property name="sun.java.command" value="C:\Users\cprakash\AppData\Local\Temp\surefire13124114354416196564\surefirebooter-20240515171947781_3.jar C:\Users\cprakash\AppData\Local\Temp\surefire13124114354416196564 2024-05-15T17-19-47_661-jvmRun1 surefire-20240515171947781_1tmp surefire_0-20240515171947781_2tmp"/>
    <property name="jdk.debug" value="release"/>
    <property name="surefire.test.class.path" value="C:\Users\cprakash\eclipse-workspace\CucumberTraining\target\test-classes;C:\Users\cprakash\eclipse-workspace\CucumberTraining\target\classes;C:\Users\cprakash\.m2\repository\io\cucumber\cucumber-java\7.16.1\cucumber-java-7.16.1.jar;C:\Users\cprakash\.m2\repository\io\cucumber\cucumber-core\7.16.1\cucumber-core-7.16.1.jar;C:\Users\cprakash\.m2\repository\io\cucumber\cucumber-gherkin\7.16.1\cucumber-gherkin-7.16.1.jar;C:\Users\cprakash\.m2\repository\io\cucumber\cucumber-gherkin-messages\7.16.1\cucumber-gherkin-messages-7.16.1.jar;C:\Users\cprakash\.m2\repository\io\cucumber\gherkin\28.0.0\gherkin-28.0.0.jar;C:\Users\cprakash\.m2\repository\io\cucumber\messages\24.1.0\messages-24.1.0.jar;C:\Users\cprakash\.m2\repository\io\cucumber\tag-expressions\6.1.0\tag-expressions-6.1.0.jar;C:\Users\cprakash\.m2\repository\io\cucumber\cucumber-expressions\17.1.0\cucumber-expressions-17.1.0.jar;C:\Users\cprakash\.m2\repository\io\cucumber\datatable\7.16.1\datatable-7.16.1.jar;C:\Users\cprakash\.m2\repository\io\cucumber\cucumber-plugin\7.16.1\cucumber-plugin-7.16.1.jar;C:\Users\cprakash\.m2\repository\io\cucumber\docstring\7.16.1\docstring-7.16.1.jar;C:\Users\cprakash\.m2\repository\io\cucumber\html-formatter\21.3.0\html-formatter-21.3.0.jar;C:\Users\cprakash\.m2\repository\io\cucumber\junit-xml-formatter\0.3.0\junit-xml-formatter-0.3.0.jar;C:\Users\cprakash\.m2\repository\io\cucumber\ci-environment\10.0.1\ci-environment-10.0.1.jar;C:\Users\cprakash\.m2\repository\org\apiguardian\apiguardian-api\1.1.2\apiguardian-api-1.1.2.jar;C:\Users\cprakash\.m2\repository\io\cucumber\cucumber-testng\7.16.1\cucumber-testng-7.16.1.jar;C:\Users\cprakash\.m2\repository\org\testng\testng\7.9.0\testng-7.9.0.jar;C:\Users\cprakash\.m2\repository\org\slf4j\slf4j-api\1.7.36\slf4j-api-1.7.36.jar;C:\Users\cprakash\.m2\repository\com\beust\jcommander\1.82\jcommander-1.82.jar;C:\Users\cprakash\.m2\repository\org\webjars\jquery\3.7.1\jquery-3.7.1.jar;"/>
    <property name="sun.cpu.endian" value="little"/>
    <property name="user.home" value="C:\Users\cprakash"/>
    <property name="user.language" value="en"/>
    <property name="java.specification.vendor" value="Oracle Corporation"/>
    <property name="java.version.date" value="2022-10-18"/>
    <property name="java.home" value="C:\Program Files\Eclipse Adoptium\jdk-17.0.5.8-hotspot"/>
    <property name="file.separator" value="\"/>
    <property name="style.color" value="always"/>
    <property name="basedir" value="C:\Users\cprakash\eclipse-workspace\CucumberTraining"/>
    <property name="java.vm.compressedOopsMode" value="Zero based"/>
    <property name="line.separator" value="&#10;"/>
    <property name="java.vm.specification.vendor" value="Oracle Corporation"/>
    <property name="java.specification.name" value="Java Platform API Specification"/>
    <property name="surefire.real.class.path" value="C:\Users\cprakash\AppData\Local\Temp\surefire13124114354416196564\surefirebooter-20240515171947781_3.jar"/>
    <property name="user.script" value=""/>
    <property name="sun.management.compiler" value="HotSpot 64-Bit Tiered Compilers"/>
    <property name="java.runtime.version" value="17.0.5+8"/>
    <property name="user.name" value="cprakash"/>
    <property name="path.separator" value=";"/>
    <property name="os.version" value="10.0"/>
    <property name="java.runtime.name" value="OpenJDK Runtime Environment"/>
    <property name="file.encoding" value="Cp1252"/>
    <property name="java.vm.name" value="OpenJDK 64-Bit Server VM"/>
    <property name="java.vendor.version" value="Temurin-17.0.5+8"/>
    <property name="localRepository" value="C:\Users\cprakash\.m2\repository"/>
    <property name="java.vendor.url.bug" value="https://github.com/adoptium/adoptium-support/issues"/>
    <property name="java.io.tmpdir" value="C:\Users\cprakash\AppData\Local\Temp\"/>
    <property name="java.version" value="17.0.5"/>
    <property name="user.dir" value="C:\Users\cprakash\eclipse-workspace\CucumberTraining"/>
    <property name="os.arch" value="amd64"/>
    <property name="java.vm.specification.name" value="Java Virtual Machine Specification"/>
    <property name="sun.os.patch.level" value=""/>
    <property name="native.encoding" value="Cp1252"/>
    <property name="java.library.path" value="C:\Program Files\Eclipse Adoptium\jdk-17.0.5.8-hotspot\bin;C:\WINDOWS\Sun\Java\bin;C:\WINDOWS\system32;C:\WINDOWS;C:/Program Files/Eclipse Adoptium/jdk-17.0.5.8-hotspot/bin/server;C:/Program Files/Eclipse Adoptium/jdk-17.0.5.8-hotspot/bin;C:\Python312\Scripts\;C:\Python312\;C:\Program Files\Eclipse Adoptium\jdk-17.0.5.8-hotspot\bin;C:\Program Files\Microsoft MPI\Bin\;C:\WINDOWS\system32;C:\WINDOWS;C:\WINDOWS\System32\Wbem;C:\WINDOWS\System32\WindowsPowerShell\v1.0\;C:\WINDOWS\System32\OpenSSH\;C:\Program Files\dotnet\;C:\Program Files\Azure Data Studio\bin;C:\Program Files (x86)\Microsoft SQL Server\150\Tools\Binn\;C:\Program Files\Microsoft SQL Server\150\Tools\Binn\;C:\Program Files (x86)\Microsoft SQL Server\150\DTS\Binn\;C:\Program Files\Microsoft SQL Server\150\DTS\Binn\;C:\Program Files\Microsoft SQL Server\Client SDK\ODBC\170\Tools\Binn\;C:\Program Files\Java\jdk-18\bin;C:\Program Files (x86)\dotnet\;C:\strawberry\c\bin;C:\strawberry\perl\bin;C:\Program Files\Maven\apache-maven-3.9.6\bin\bin;C:\Program Files\Eclipse Adoptium\jdk-17.0.5.8-hotspot\bin;C:\apache-maven-3.8.7-bin\apache-maven-3.8.7\bin;C:\Program Files (x86)\Microsoft SQL Server\110\Tools\Binn\;C:\Program Files\Microsoft SQL Server\110\Tools\Binn\;C:\Program Files\Microsoft SQL Server\110\DTS\Binn\;C:\python3.12;C:\python3.12\Scripts;C:\python3.12\DLLs;C:\python3.12\Lib;C:\python3.12\libs;C:\Program Files\Git\cmd;C:\Program Files\nodejs\;C:\ProgramData\chocolatey\bin;C:\Program Files\Maven\apache-maven-3.9.6\bin;C:\Users\cprakash\AppData\Local\Microsoft\WindowsApps;C:\Program Files\Azure Data Studio\bin;C:\Users\cprakash\.dotnet\tools;C:\Users\cprakash\AppData\Local\Programs\Python\Python310-32;C:\Users\cprakash\AppData\Local\Programs\Python\Python310-32\Scripts;;%IntelliJ IDEA%;%IntelliJ IDEA Community Edition%;C:\PythonRepo\bin;;C:\Users\cprakash\AppData\Roaming\npm;C:\Users\cprakash\eclipse\java-2024-03\eclipse;;."/>
    <property name="java.vm.info" value="mixed mode, sharing"/>
    <property name="java.vendor" value="Eclipse Adoptium"/>
    <property name="java.vm.version" value="17.0.5+8"/>
    <property name="sun.io.unicode.encoding" value="UnicodeLittle"/>
    <property name="java.class.version" value="61.0"/>
  </properties>
  <testcase name="runScenario[&quot;User Page default login&quot;, &quot;Application Login&quot;](1)" classname="cucumberOptions.TestNGRunner" time="0.055">
    <system-out><![CDATA[
@Mobile @Netbanking
Scenario: User Page default login                                # src/test/java/features/secondpProgram.feature:6
  Given User is on NetBanking landing page                       # stepDefinitions.mainSteps.user_is_on_net_banking_landing_page()
  When User login into application with user and password "1234" # stepDefinitions.mainSteps.user_login_into_application(java.lang.String,java.lang.String)
  Then Home Page is displayed                                    # stepDefinitions.mainSteps.home_page_is_displayed()
  And Cards are displayed                                        # stepDefinitions.mainSteps.cards_are_displayed()
]]></system-out>
    <system-err><![CDATA[SLF4J: Failed to load class "org.slf4j.impl.StaticLoggerBinder".
SLF4J: Defaulting to no-operation (NOP) logger implementation
SLF4J: See http://www.slf4j.org/codes.html#StaticLoggerBinder for further details.
]]></system-err>
  </testcase>
  <testcase name="runScenario[&quot;Mortgage Page  default login&quot;, &quot;Application Login&quot;](2)" classname="cucumberOptions.TestNGRunner" time="0.008">
    <system-out><![CDATA[
@SmokeTest @Regression @Mortgage
Scenario Outline: Mortgage Page  default login                             # src/test/java/features/secondpProgram.feature:22
  Given User is on NetBanking landing page                                 # stepDefinitions.mainSteps.user_is_on_net_banking_landing_page()
  When User login into application with "debituser" and password "hello12" # stepDefinitions.mainSteps.user_login_into_application(java.lang.String,java.lang.String)
  Then Home Page is displayed                                              # stepDefinitions.mainSteps.home_page_is_displayed()
  And Cards are displayed                                                  # stepDefinitions.mainSteps.cards_are_displayed()
]]></system-out>
  </testcase>
  <testcase name="runScenario[&quot;Mortgage Page  default login&quot;, &quot;Application Login&quot;](3)" classname="cucumberOptions.TestNGRunner" time="0.016">
    <system-out><![CDATA[
@SmokeTest @Regression @Mortgage
Scenario Outline: Mortgage Page  default login                              # src/test/java/features/secondpProgram.feature:23
  Given User is on NetBanking landing page                                  # stepDefinitions.mainSteps.user_is_on_net_banking_landing_page()
  When User login into application with "credituser" and password "hello13" # stepDefinitions.mainSteps.user_login_into_application(java.lang.String,java.lang.String)
  Then Home Page is displayed                                               # stepDefinitions.mainSteps.home_page_is_displayed()
  And Cards are displayed                                                   # stepDefinitions.mainSteps.cards_are_displayed()
]]></system-out>
  </testcase>
</testsuite>