<?xml version="1.0" encoding="UTF-8"?>
<!-- Generated by org.testng.reporters.JUnitReportReporter -->
<testsuite hostname="APT04-1DKF7G3" failures="0" tests="3" name="cucumberOptions.TestNGRunner" time="0.076" errors="0" timestamp="2024-05-15T17:19:48 IST" skipped="0">
  <testcase classname="cucumberOptions.TestNGRunner" name="runScenario" time="0.016"/>
  <testcase classname="cucumberOptions.TestNGRunner" name="runScenario" time="0.053"/>
  <testcase classname="cucumberOptions.TestNGRunner" name="runScenario" time="0.007"/>
</testsuite> <!-- cucumberOptions.TestNGRunner -->
